d:\projects\rendervid\libvorbis-1.3.5\win32\vs2010\libvorbis\win32\debug\libvorbis_static.pdb
d:\projects\rendervid\libvorbis-1.3.5\win32\vs2010\libvorbis\win32\debug\libvorbis_static.idb
d:\projects\rendervid\libvorbis-1.3.5\win32\vs2010\libvorbis\win32\debug\bitrate.obj
d:\projects\rendervid\libvorbis-1.3.5\win32\vs2010\libvorbis\win32\debug\block.obj
d:\projects\rendervid\libvorbis-1.3.5\win32\vs2010\libvorbis\win32\debug\codebook.obj
d:\projects\rendervid\libvorbis-1.3.5\win32\vs2010\libvorbis\win32\debug\envelope.obj
d:\projects\rendervid\libvorbis-1.3.5\win32\vs2010\libvorbis\win32\debug\floor0.obj
d:\projects\rendervid\libvorbis-1.3.5\win32\vs2010\libvorbis\win32\debug\floor1.obj
d:\projects\rendervid\libvorbis-1.3.5\win32\vs2010\libvorbis\win32\debug\info.obj
d:\projects\rendervid\libvorbis-1.3.5\win32\vs2010\libvorbis\win32\debug\lookup.obj
d:\projects\rendervid\libvorbis-1.3.5\win32\vs2010\libvorbis\win32\debug\lpc.obj
d:\projects\rendervid\libvorbis-1.3.5\win32\vs2010\libvorbis\win32\debug\lsp.obj
d:\projects\rendervid\libvorbis-1.3.5\win32\vs2010\libvorbis\win32\debug\mapping0.obj
d:\projects\rendervid\libvorbis-1.3.5\win32\vs2010\libvorbis\win32\debug\mdct.obj
d:\projects\rendervid\libvorbis-1.3.5\win32\vs2010\libvorbis\win32\debug\psy.obj
d:\projects\rendervid\libvorbis-1.3.5\win32\vs2010\libvorbis\win32\debug\registry.obj
d:\projects\rendervid\libvorbis-1.3.5\win32\vs2010\libvorbis\win32\debug\res0.obj
d:\projects\rendervid\libvorbis-1.3.5\win32\vs2010\libvorbis\win32\debug\sharedbook.obj
d:\projects\rendervid\libvorbis-1.3.5\win32\vs2010\libvorbis\win32\debug\smallft.obj
d:\projects\rendervid\libvorbis-1.3.5\win32\vs2010\libvorbis\win32\debug\synthesis.obj
d:\projects\rendervid\libvorbis-1.3.5\win32\vs2010\libvorbis\win32\debug\vorbisenc.obj
d:\projects\rendervid\libvorbis-1.3.5\win32\vs2010\libvorbis\win32\debug\window.obj
d:\projects\rendervid\libvorbis-1.3.5\win32\vs2010\libvorbis\win32\debug\analysis.obj
d:\projects\rendervid\theoratest\win32\debug\libvorbis_static.lib
d:\projects\rendervid\theoratest\win32\debug\libvorbis_static.pdb
d:\projects\rendervid\libvorbis-1.3.5\win32\vs2010\libvorbis\win32\debug\libvorbis_static.tlog\cl.command.1.tlog
d:\projects\rendervid\libvorbis-1.3.5\win32\vs2010\libvorbis\win32\debug\libvorbis_static.tlog\cl.read.1.tlog
d:\projects\rendervid\libvorbis-1.3.5\win32\vs2010\libvorbis\win32\debug\libvorbis_static.tlog\cl.write.1.tlog
d:\projects\rendervid\libvorbis-1.3.5\win32\vs2010\libvorbis\win32\debug\libvorbis_static.tlog\lib-link.read.1.tlog
d:\projects\rendervid\libvorbis-1.3.5\win32\vs2010\libvorbis\win32\debug\libvorbis_static.tlog\lib-link.write.1.tlog
d:\projects\rendervid\libvorbis-1.3.5\win32\vs2010\libvorbis\win32\debug\libvorbis_static.tlog\lib.command.1.tlog
