d:\projects\rendervid\libtheora-1.1.1\win32\vs2008\libtheora\win32\debug\libtheora_static.pdb
d:\projects\rendervid\libtheora-1.1.1\win32\vs2008\libtheora\win32\debug\libtheora_static.idb
d:\projects\rendervid\libtheora-1.1.1\win32\vs2008\libtheora\win32\debug\apiwrapper.obj
d:\projects\rendervid\libtheora-1.1.1\win32\vs2008\libtheora\win32\debug\bitpack.obj
d:\projects\rendervid\libtheora-1.1.1\win32\vs2008\libtheora\win32\debug\cpu.obj
d:\projects\rendervid\libtheora-1.1.1\win32\vs2008\libtheora\win32\debug\decapiwrapper.obj
d:\projects\rendervid\libtheora-1.1.1\win32\vs2008\libtheora\win32\debug\decinfo.obj
d:\projects\rendervid\libtheora-1.1.1\win32\vs2008\libtheora\win32\debug\dequant.obj
d:\projects\rendervid\libtheora-1.1.1\win32\vs2008\libtheora\win32\debug\fragment.obj
d:\projects\rendervid\libtheora-1.1.1\win32\vs2008\libtheora\win32\debug\huffdec.obj
d:\projects\rendervid\libtheora-1.1.1\win32\vs2008\libtheora\win32\debug\info.obj
d:\projects\rendervid\libtheora-1.1.1\win32\vs2008\libtheora\win32\debug\internal.obj
d:\projects\rendervid\libtheora-1.1.1\win32\vs2008\libtheora\win32\debug\state.obj
d:\projects\rendervid\libtheora-1.1.1\win32\vs2008\libtheora\win32\debug\mmxfrag.obj
d:\projects\rendervid\libtheora-1.1.1\win32\vs2008\libtheora\win32\debug\mmxidct.obj
d:\projects\rendervid\libtheora-1.1.1\win32\vs2008\libtheora\win32\debug\mmxstate.obj
d:\projects\rendervid\libtheora-1.1.1\win32\vs2008\libtheora\win32\debug\x86state.obj
d:\projects\rendervid\libtheora-1.1.1\win32\vs2008\libtheora\win32\debug\decode1.obj
d:\projects\rendervid\libtheora-1.1.1\win32\vs2008\libtheora\win32\debug\idct1.obj
d:\projects\rendervid\libtheora-1.1.1\win32\vs2008\libtheora\win32\debug\quant1.obj
d:\projects\rendervid\theoratest\win32\debug\libtheora_static.lib
d:\projects\rendervid\theoratest\win32\debug\libtheora_static.pdb
d:\projects\rendervid\libtheora-1.1.1\win32\vs2008\libtheora\win32\debug\libtheora_static.tlog\cl.command.1.tlog
d:\projects\rendervid\libtheora-1.1.1\win32\vs2008\libtheora\win32\debug\libtheora_static.tlog\cl.read.1.tlog
d:\projects\rendervid\libtheora-1.1.1\win32\vs2008\libtheora\win32\debug\libtheora_static.tlog\cl.write.1.tlog
d:\projects\rendervid\libtheora-1.1.1\win32\vs2008\libtheora\win32\debug\libtheora_static.tlog\lib-link.read.1.tlog
d:\projects\rendervid\libtheora-1.1.1\win32\vs2008\libtheora\win32\debug\libtheora_static.tlog\lib-link.write.1.tlog
d:\projects\rendervid\libtheora-1.1.1\win32\vs2008\libtheora\win32\debug\libtheora_static.tlog\lib.command.1.tlog
