Build started 5/17/2018 12:08:05 AM.
     1>Project "D:\Projects\rendervid\libogg-1.3.2\win32\VS2010\libogg_static.vcxproj" on node 3 (Build target(s)).
     1>Building with tools version "14.0".
     1>Target "_CheckForInvalidConfigurationAndPlatform" in file "C:\Program Files (x86)\MSBuild\14.0\bin\Microsoft.Common.CurrentVersion.targets" from project "D:\Projects\rendervid\libogg-1.3.2\win32\VS2010\libogg_static.vcxproj" (entry point):
       Task "Error" skipped, due to false condition; ( '$(_InvalidConfigurationError)' == 'true' ) was evaluated as ( '' == 'true' ).
       Task "Warning" skipped, due to false condition; ( '$(_InvalidConfigurationWarning)' == 'true' ) was evaluated as ( '' == 'true' ).
       Using "Message" task from assembly "Microsoft.Build.Tasks.Core, Version=14.0.0.0, Culture=neutral, PublicKeyToken=b03f5f7f11d50a3a".
       Task "Message"
         Configuration=Debug
       Done executing task "Message".
       Task "Message"
         Platform=x64
       Done executing task "Message".
       Task "Error" skipped, due to false condition; ('$(OutDir)' != '' and !HasTrailingSlash('$(OutDir)')) was evaluated as ('D:\Projects\rendervid\TheoraPlayer\x64\Debug\' != '' and !HasTrailingSlash('D:\Projects\rendervid\TheoraPlayer\x64\Debug\')).
       Task "Error" skipped, due to false condition; ('$(BaseIntermediateOutputPath)' != '' and !HasTrailingSlash('$(BaseIntermediateOutputPath)')) was evaluated as ('obj\' != '' and !HasTrailingSlash('obj\')).
       Task "Error" skipped, due to false condition; ('$(IntermediateOutputPath)' != '' and !HasTrailingSlash('$(IntermediateOutputPath)')) was evaluated as ('x64\Debug\' != '' and !HasTrailingSlash('x64\Debug\')).
     1>Done building target "_CheckForInvalidConfigurationAndPlatform" in project "libogg_static.vcxproj".
     1>Target "_PrepareForBuild" in file "C:\Program Files (x86)\MSBuild\Microsoft.Cpp\v4.0\V140\Microsoft.BuildSteps.Targets" from project "D:\Projects\rendervid\libogg-1.3.2\win32\VS2010\libogg_static.vcxproj" (target "Build" depends on it):
       Task "CreateItem" skipped, due to false condition; ('%(CustomBuild.IncludeFileToTool)'!='') was evaluated as (''!='').
     1>Done building target "_PrepareForBuild" in project "libogg_static.vcxproj".
     1>Target "_PrepareForReferenceResolution" in file "C:\Program Files (x86)\MSBuild\Microsoft.Cpp\v4.0\V140\Microsoft.CppBuild.targets" from project "D:\Projects\rendervid\libogg-1.3.2\win32\VS2010\libogg_static.vcxproj" (target "ResolveReferences" depends on it):
       Task "Message" skipped, due to false condition; ('$(_REFERENCE_DEBUG)'=='true') was evaluated as (''=='true').
     1>Done building target "_PrepareForReferenceResolution" in project "libogg_static.vcxproj".
       Target "ComputeCrtSDKReference" skipped, due to false condition; ('@(ClCompile)'!='' and '$(WindowsAppContainer)'=='true' and '$(UseCrtSDKReference)' != 'false') was evaluated as ('..\..\src\bitwise.c;..\..\src\framing.c'!='' and 'false'=='true' and '' != 'false').
     1>Target "BeforeResolveReferences" in file "C:\Program Files (x86)\MSBuild\14.0\bin\Microsoft.Common.CurrentVersion.targets" from project "D:\Projects\rendervid\libogg-1.3.2\win32\VS2010\libogg_static.vcxproj" (target "ResolveReferences" depends on it):
     1>Done building target "BeforeResolveReferences" in project "libogg_static.vcxproj".
     1>Target "AssignProjectConfiguration" in file "C:\Program Files (x86)\MSBuild\14.0\bin\Microsoft.Common.CurrentVersion.targets" from project "D:\Projects\rendervid\libogg-1.3.2\win32\VS2010\libogg_static.vcxproj" (target "ResolveReferences" depends on it):
       Using "AssignProjectConfiguration" task from assembly "Microsoft.Build.Tasks.Core, Version=14.0.0.0, Culture=neutral, PublicKeyToken=b03f5f7f11d50a3a".
       Task "AssignProjectConfiguration"
       Done executing task "AssignProjectConfiguration".
     1>Done building target "AssignProjectConfiguration" in project "libogg_static.vcxproj".
       Target "AssignProjectConfiguration" skipped. Previously built successfully.
     1>Target "_SplitProjectReferencesByFileExistence" in file "C:\Program Files (x86)\MSBuild\14.0\bin\Microsoft.Common.CurrentVersion.targets" from project "D:\Projects\rendervid\libogg-1.3.2\win32\VS2010\libogg_static.vcxproj" (target "ResolveProjectReferences" depends on it):
       Task "ResolveNonMSBuildProjectOutput" skipped, due to false condition; ('$(BuildingInsideVisualStudio)'=='true' and '@(ProjectReferenceWithConfiguration)'!='') was evaluated as ('true'=='true' and ''!='').
     1>Done building target "_SplitProjectReferencesByFileExistence" in project "libogg_static.vcxproj".
       Target "_RemoveNameMetadataFromProjectReferenceItems" skipped, due to false condition; ('@(ProjectReference)'!='') was evaluated as (''!='').
     1>Target "ResolveProjectReferences" in file "C:\Program Files (x86)\MSBuild\14.0\bin\Microsoft.Common.CurrentVersion.targets" from project "D:\Projects\rendervid\libogg-1.3.2\win32\VS2010\libogg_static.vcxproj" (target "ResolveReferences" depends on it):
       Task "MSBuild" skipped, due to false condition; ('%(_MSBuildProjectReferenceExistent.BuildReference)' == 'true' and '@(ProjectReferenceWithConfiguration)' != '' and ('$(BuildingInsideVisualStudio)' == 'true' or '$(BuildProjectReferences)' != 'true') and '$(VisualStudioVersion)' != '10.0' and '@(_MSBuildProjectReferenceExistent)' != '') was evaluated as ('' == 'true' and '' != '' and ('true' == 'true' or 'true' != 'true') and '14.0' != '10.0' and '' != '').
       Task "MSBuild" skipped, due to false condition; ('%(_MSBuildProjectReferenceExistent.BuildReference)' == 'true' and '@(ProjectReferenceWithConfiguration)' != '' and ('$(BuildingInsideVisualStudio)' == 'true' or '$(BuildProjectReferences)' != 'true') and '$(VisualStudioVersion)' == '10.0' and '@(_MSBuildProjectReferenceExistent)' != '') was evaluated as ('' == 'true' and '' != '' and ('true' == 'true' or 'true' != 'true') and '14.0' == '10.0' and '' != '').
       Task "MSBuild" skipped, due to false condition; ('%(_MSBuildProjectReferenceExistent.BuildReference)' == 'true' and '@(ProjectReferenceWithConfiguration)' != '' and '$(BuildingInsideVisualStudio)' != 'true' and '$(BuildProjectReferences)' == 'true' and '@(_MSBuildProjectReferenceExistent)' != '') was evaluated as ('' == 'true' and '' != '' and 'true' != 'true' and 'true' == 'true' and '' != '').
       Task "MSBuild" skipped, due to false condition; ('%(_MSBuildProjectReferenceExistent.BuildReference)' == 'true' and '@(ProjectReferenceWithConfiguration)' != '' and '$(BuildingProject)' == 'true' and '@(_MSBuildProjectReferenceExistent)' != '') was evaluated as ('' == 'true' and '' != '' and 'true' == 'true' and '' != '').
       Task "Warning" skipped, due to false condition; ('@(ProjectReferenceWithConfiguration)' != '' and '@(_MSBuildProjectReferenceNonexistent)' != '') was evaluated as ('' != '' and '' != '').
     1>Done building target "ResolveProjectReferences" in project "libogg_static.vcxproj".
       Target "FindInvalidProjectReferences" skipped, due to false condition; ('$(FindInvalidProjectReferences)' == 'true') was evaluated as ('' == 'true').
       Target "ResolveNativeReferences" skipped, due to false condition; ('@(NativeReference)'!='') was evaluated as (''!='').
       Target "_PrepareForReferenceResolution" skipped. Previously built successfully.
     1>Target "GetFrameworkPaths" in file "C:\Program Files (x86)\MSBuild\14.0\bin\Microsoft.NetFramework.CurrentVersion.targets" from project "D:\Projects\rendervid\libogg-1.3.2\win32\VS2010\libogg_static.vcxproj" (target "ResolveAssemblyReferences" depends on it):
     1>Done building target "GetFrameworkPaths" in project "libogg_static.vcxproj".
       Target "GetWinFXPath" skipped, due to false condition; (('@(Page)' != '' or '@(ApplicationDefinition)' != '' or '@(Resource)' != '') and ('$(GetWinFXNativePath)' != '' or '$(GetWinFXWoWPath)' != '' )) was evaluated as (('' != '' or '' != '' or '' != '') and ('' != '' or '' != '' )).
     1>Target "GetReferenceAssemblyPaths" in file "C:\Program Files (x86)\MSBuild\14.0\bin\Microsoft.Common.CurrentVersion.targets" from project "D:\Projects\rendervid\libogg-1.3.2\win32\VS2010\libogg_static.vcxproj" (target "ResolveAssemblyReferences" depends on it):
       Task "GetReferenceAssemblyPaths" skipped, due to false condition; ('$(TargetFrameworkMoniker)' != '' and ('$(_TargetFrameworkDirectories)' == '' or '$(_FullFrameworkReferenceAssemblyPaths)' == '')) was evaluated as ('' != '' and ('C:\Program Files (x86)\Reference Assemblies\Microsoft\Framework\.NETFramework\v4.0' == '' or 'C:\Program Files (x86)\Reference Assemblies\Microsoft\Framework\.NETFramework\v4.0' == '')).
     1>Done building target "GetReferenceAssemblyPaths" in project "libogg_static.vcxproj".
     1>Target "SetBuildDefaultEnvironmentVariables" in file "C:\Program Files (x86)\MSBuild\Microsoft.Cpp\v4.0\V140\Microsoft.Cpp.Current.targets" from project "D:\Projects\rendervid\libogg-1.3.2\win32\VS2010\libogg_static.vcxproj" (target "PrepareForBuild" depends on it):
       Using "SetEnv" task from assembly "C:\Program Files (x86)\MSBuild\Microsoft.Cpp\v4.0\V140\Microsoft.Build.CppTasks.Common.dll".
       Task "SetEnv"
         PATH=C:\Program Files (x86)\Microsoft Visual Studio 14.0\VC\bin\x86_amd64;C:\Program Files (x86)\Microsoft Visual Studio 14.0\VC\bin;C:\Program Files (x86)\Windows Kits\8.1\bin\x86;;C:\Program Files (x86)\Microsoft SDKs\Windows\v10.0A\bin\NETFX 4.6.1 Tools;C:\Program Files (x86)\Microsoft Visual Studio 14.0\Common7\Tools\bin;C:\Program Files (x86)\Microsoft Visual Studio 14.0\Common7\tools;C:\Program Files (x86)\Microsoft Visual Studio 14.0\Common7\ide;C:\Program Files (x86)\HTML Help Workshop;;C:\Program Files (x86)\MSBuild\14.0\bin\;C:\WINDOWS\Microsoft.NET\Framework\v4.0.30319\;;C:\Program Files (x86)\Microsoft Visual Studio 14.0\Common7\IDE\CommonExtensions\Microsoft\TeamFoundation\Team Explorer\NativeBinaries\x86;C:\VulkanSDK\1.1.73.0\Bin;C:\Program Files (x86)\Common Files\Oracle\Java\javapath;C:\Program Files (x86)\Common Files\Intel\Shared Libraries\redist\intel64\compiler;C:\Program Files (x86)\Intel\iCLS Client\;C:\Program Files\Intel\iCLS Client\;C:\WINDOWS\system32;C:\WINDOWS;C:\WINDOWS\System32\Wbem;C:\WINDOWS\System32\WindowsPowerShell\v1.0\;C:\Program Files (x86)\ATI Technologies\ATI.ACE\Core-Static;C:\Program Files\WIDCOMM\Bluetooth Software\;C:\Program Files\WIDCOMM\Bluetooth Software\syswow64;C:\Program Files\Microsoft\Web Platform Installer\;C:\Program Files (x86)\Microsoft ASP.NET\ASP.NET Web Pages\v1.0\;C:\Program Files\Microsoft SQL Server\110\Tools\Binn\;C:\Program Files (x86)\Microsoft SDKs\TypeScript\1.0\;C:\Program Files\Microsoft SQL Server\120\Tools\Binn\;C:\Program Files\Common Files\Autodesk Shared\;C:\Program Files (x86)\Autodesk\Backburner\;C:\Program Files (x86)\QuickTime\QTSystem\;C:\Program Files\Git\cmd;C:\Users\Promit\.dnx\bin;C:\Program Files\Microsoft DNX\Dnvm\;C:\Program Files (x86)\NVIDIA Corporation\PhysX\Common;C:\Program Files (x86)\GtkSharp\2.12\bin;C:\Program Files\Microsoft SQL Server\130\Tools\Binn\;C:\Program Files (x86)\Microsoft Emulator Manager\1.0\;C:\ProgramData\Oracle\Java\javapath;;C:\WINDOWS\system32;C:\WINDOWS;C:\WINDOWS\System32\Wbem;C:\WINDOWS\System32\WindowsPowerShell\v1.0\;C:\Program Files\nodejs\;C:\Program Files\SourceGear\Common\DiffMerge\;C:\Program Files\dotnet\;C:\Users\Promit\AppData\Local\Microsoft\WindowsApps;C:\Users\Promit\AppData\Roaming\npm;C:\Users\Promit\AppData\Local\GitHubDesktop\bin;
       Done executing task "SetEnv".
       Task "SetEnv"
         LIB=C:\Program Files (x86)\Microsoft Visual Studio 14.0\VC\lib\amd64;;C:\Program Files (x86)\Microsoft Visual Studio 14.0\VC\atlmfc\lib\amd64;;C:\Program Files (x86)\Windows Kits\10\lib\10.0.10240.0\ucrt\x64;;;C:\Program Files (x86)\Windows Kits\8.1\lib\winv6.3\um\x64;;C:\Program Files (x86)\Windows Kits\NETFXSDK\4.6.1\Lib\um\x64
       Done executing task "SetEnv".
       Task "SetEnv"
         LIBPATH=C:\Program Files (x86)\Microsoft Visual Studio 14.0\VC\atlmfc\lib\amd64;;C:\Program Files (x86)\Microsoft Visual Studio 14.0\VC\lib\amd64;
       Done executing task "SetEnv".
       Task "SetEnv"
         INCLUDE=C:\Program Files (x86)\Microsoft Visual Studio 14.0\VC\include;;C:\Program Files (x86)\Microsoft Visual Studio 14.0\VC\atlmfc\include;;C:\Program Files (x86)\Windows Kits\10\Include\10.0.10240.0\ucrt;;;C:\Program Files (x86)\Windows Kits\8.1\Include\um;C:\Program Files (x86)\Windows Kits\8.1\Include\shared;C:\Program Files (x86)\Windows Kits\8.1\Include\winrt;;
       Done executing task "SetEnv".
     1>Done building target "SetBuildDefaultEnvironmentVariables" in project "libogg_static.vcxproj".
       Target "SetUserMacroEnvironmentVariables" skipped, due to false condition; ('@(BuildMacro)' != '' and '$(DesignTimeBuild)' != 'true') was evaluated as ('' != '' and '' != 'true').
     1>Target "GetResolvedWinMD" in file "C:\Program Files (x86)\MSBuild\Microsoft.Cpp\v4.0\V140\Microsoft.CppBuild.targets" from project "D:\Projects\rendervid\libogg-1.3.2\win32\VS2010\libogg_static.vcxproj" (target "PrepareForBuild" depends on it):
     1>Done building target "GetResolvedWinMD" in project "libogg_static.vcxproj".
     1>Target "PlatformPrepareForBuild" in file "C:\Program Files (x86)\MSBuild\Microsoft.Cpp\v4.0\V140\Microsoft.Cpp.Platform.targets" from project "D:\Projects\rendervid\libogg-1.3.2\win32\VS2010\libogg_static.vcxproj" (target "PrepareForBuild" depends on it):
       Task "VCMessage" skipped, due to false condition; ('$(_Error64bitToolsNotInstalled)' == 'true') was evaluated as ('' == 'true').
       Task "VCMessage" skipped, due to false condition; ('$(DesignTimeBuild)'!='true' and '$(_ToolsetFound)' != 'true' and '$(PlatformToolset)' == 'v110') was evaluated as (''!='true' and 'true' != 'true' and 'v140' == 'v110').
       Task "VCMessage" skipped, due to false condition; ('$(DesignTimeBuild)'!='true' and '$(_ToolsetFound)' != 'true' and '$(PlatformToolset)' == 'v100') was evaluated as (''!='true' and 'true' != 'true' and 'v140' == 'v100').
       Task "VCMessage" skipped, due to false condition; ('$(DesignTimeBuild)'!='true' and '$(_ToolsetFound)' != 'true' and '$(PlatformToolset)' == 'v90') was evaluated as (''!='true' and 'true' != 'true' and 'v140' == 'v90').
       Task "VCMessage" skipped, due to false condition; ('$(DesignTimeBuild)'!='true' and '$(_ToolsetFound)' != 'true' and '$(PlatformToolset)' != 'v90' and '$(PlatformToolset)' != 'v100' and '$(PlatformToolset)' != 'v110') was evaluated as (''!='true' and 'true' != 'true' and 'v140' != 'v90' and 'v140' != 'v100' and 'v140' != 'v110').
     1>Done building target "PlatformPrepareForBuild" in project "libogg_static.vcxproj".
     1>Target "Desktop_PlatformPrepareForBuild" in file "C:\Program Files (x86)\MSBuild\Microsoft.Cpp\v4.0\V140\Platforms\x64\PlatformToolsets\v140\Toolset.targets" from project "D:\Projects\rendervid\libogg-1.3.2\win32\VS2010\libogg_static.vcxproj" (target "PrepareForBuild" depends on it):
       Task "VCMessage" skipped, due to false condition; ($(MissingSDKProps) == 'true') was evaluated as ( == 'true').
     1>Done building target "Desktop_PlatformPrepareForBuild" in project "libogg_static.vcxproj".
       Target "GetFrameworkPaths" skipped. Previously built successfully.
       Target "GetReferenceAssemblyPaths" skipped. Previously built successfully.
       Target "AssignLinkMetadata" skipped, due to false condition; ( '$(SynthesizeLinkMetadata)' == 'true' ) was evaluated as ( '' == 'true' ).
     1>Target "SetCABuildNativeEnvironmentVariables" in file "C:\Program Files (x86)\MSBuild\Microsoft\VisualStudio\v14.0\CodeAnalysis\Microsoft.CodeAnalysis.targets" from project "D:\Projects\rendervid\libogg-1.3.2\win32\VS2010\libogg_static.vcxproj" (target "PrepareForBuild" depends on it):
       Initializing task factory "CodeTaskFactory" from assembly "C:\Program Files (x86)\MSBuild\14.0\bin\Microsoft.Build.Tasks.Core.dll".
       Using "SetEnvironmentVariable" task from the task factory "Code Task Factory".
       Task "SetEnvironmentVariable"
       Done executing task "SetEnvironmentVariable".
     1>Done building target "SetCABuildNativeEnvironmentVariables" in project "libogg_static.vcxproj".
     1>Target "PrepareForBuild" in file "C:\Program Files (x86)\MSBuild\Microsoft.Cpp\v4.0\V140\Microsoft.CppBuild.targets" from project "D:\Projects\rendervid\libogg-1.3.2\win32\VS2010\libogg_static.vcxproj" (target "ResolveAssemblyReferences" depends on it):
       Task "VCMessage" skipped, due to false condition; ('$(DesignTimeBuild)' != 'true' and '$(ConfigurationPlatformExists)' != 'true') was evaluated as ('' != 'true' and 'true' != 'true').
       Using "MakeDir" task from assembly "Microsoft.Build.Tasks.Core, Version=14.0.0.0, Culture=neutral, PublicKeyToken=b03f5f7f11d50a3a".
       Task "MakeDir"
       Done executing task "MakeDir".
       Task "VCMessage" skipped, due to false condition; ('$(DesignTimeBuild)'!='true' and '$(WindowsAppContainer)'=='true' and '$(ConfigurationType)'!='Application' and '$(ConfigurationType)'!='DynamicLibrary' and '$(ConfigurationType)'!='StaticLibrary') was evaluated as (''!='true' and 'false'=='true' and 'StaticLibrary'!='Application' and 'StaticLibrary'!='DynamicLibrary' and 'StaticLibrary'!='StaticLibrary').
       Task "VCMessage" skipped, due to false condition; ('$(DesignTimeBuild)'!='true' and '$(VCInstallDir)'=='' and '$(UseEnv)' != 'true' and ('$(TargetFrameworkVersion)'=='v3.5' or '$(TargetFrameworkVersion)'=='v3.0' or '$(TargetFrameworkVersion)'=='v2.0' )) was evaluated as (''!='true' and 'C:\Program Files (x86)\Microsoft Visual Studio 14.0\VC\'=='' and '' != 'true' and ('v4.0'=='v3.5' or 'v4.0'=='v3.0' or 'v4.0'=='v2.0' )).
       Task "VCMessage" skipped, due to false condition; ('$(DesignTimeBuild)'!='true' and '$(VCInstallDir)'=='' and '$(UseEnv)' != 'true' and '$(PlatformToolset)'=='v90') was evaluated as (''!='true' and 'C:\Program Files (x86)\Microsoft Visual Studio 14.0\VC\'=='' and '' != 'true' and 'v140'=='v90').
       Task "VCMessage" skipped, due to false condition; ('$(VCInstallDir)'=='' and '$(UseEnv)' != 'true') was evaluated as ('C:\Program Files (x86)\Microsoft Visual Studio 14.0\VC\'=='' and '' != 'true').
       Task "VCMessage" skipped, due to false condition; ('$(WindowsSDKDir)'=='' and '$(UseEnv)' != 'true') was evaluated as ('C:\Program Files (x86)\Windows Kits\8.1\'=='' and '' != 'true').
       Task "VCMessage" skipped, due to false condition; ('$(IntDirTrailingSlashWarning)'=='true') was evaluated as (''=='true').
       Task "VCMessage" skipped, due to false condition; ('$(OutDirTrailingSlashWarning)'=='true') was evaluated as (''=='true').
       Task "VCMessage" skipped, due to false condition; ('%(CompatibilityIssues.Identity)' != '' and '$(DesignTimeBuild)'!='true') was evaluated as ('' != '' and ''!='true').
       Task "VCMessage" skipped, due to false condition; ('$(_MBCS_Using)' == 'true' and '$(_MBCS_Installed)' != 'true' and '$(DesignTimeBuild)' != 'true') was evaluated as ('' == 'true' and '' != 'true' and '' != 'true').
       Task "VCMessage" skipped, due to false condition; ('$(IgnoreWarnIntDirSharingDetected)' != 'true' and '$(IntDirSharingDetected)' == 'true') was evaluated as ('' != 'true' and '' == 'true').
       Task "VCMessage" skipped, due to false condition; ('$(IgnoreWarnIntDirInTempDetected)' != 'true' and ('$(_IntDirFullpath.StartsWith($(Tmp), true, null))' == 'true' or '$(_IntDirFullpath.StartsWith($(Temp), true, null))' == 'true' or '$(_OutDirFullpath.StartsWith($(Tmp), true, null))' == 'true' or '$(_OutDirFullpath.StartsWith($(Temp), true, null))' == 'true')) was evaluated as ('' != 'true' and ('False' == 'true' or 'False' == 'true' or 'False' == 'true' or 'False' == 'true')).
       Task "MakeDir"
       Done executing task "MakeDir".
     1>Done building target "PrepareForBuild" in project "libogg_static.vcxproj".
       Target "_PrepareForReferenceResolution" skipped. Previously built successfully.
       Target "ComputeCrtSDKReference" skipped, due to false condition; ('@(ClCompile)'!='' and '$(WindowsAppContainer)'=='true' and '$(UseCrtSDKReference)' != 'false') was evaluated as ('..\..\src\bitwise.c;..\..\src\framing.c'!='' and 'false'=='true' and '' != 'false').
     1>Target "GetInstalledSDKLocations" in file "C:\Program Files (x86)\MSBuild\14.0\bin\Microsoft.Common.CurrentVersion.targets" from project "D:\Projects\rendervid\libogg-1.3.2\win32\VS2010\libogg_static.vcxproj" (target "ResolveSDKReferences" depends on it):
       Task "GetInstalledSDKLocations" skipped, due to false condition; ('@(SDKReference)' != '') was evaluated as ('' != '').
       Task "GetInstalledSDKLocations" skipped, due to false condition; ('@(SDKReference)' != '' and '$(SupportWindows81SDKs)' == 'true' and '$(TargetPlatformIdentifierWindows81)' != '' and '$(TargetPlatformVersionWindows81)' != '') was evaluated as ('' != '' and '' == 'true' and '' != '' and '' != '').
       Task "GetInstalledSDKLocations" skipped, due to false condition; ('@(SDKReference)' != '' and '$(SupportWindowsPhone81SDKs)' == 'true' and '$(TargetPlatformIdentifierWindowsPhone81)' != '' and '$(TargetPlatformVersionWindowsPhone81)' != '') was evaluated as ('' != '' and '' == 'true' and '' != '' and '' != '').
     1>Done building target "GetInstalledSDKLocations" in project "libogg_static.vcxproj".
     1>Target "ModifyUnitTestPlatformVersion" in file "C:\Program Files (x86)\MSBuild\14.0\Microsoft.Common.targets\ImportBefore\Windows.8.1.UT_SDKReference.props" from project "D:\Projects\rendervid\libogg-1.3.2\win32\VS2010\libogg_static.vcxproj" (target "ResolveSDKReferences" depends on it):
     1>Done building target "ModifyUnitTestPlatformVersion" in project "libogg_static.vcxproj".
     1>Target "ResolveSDKReferences" in file "C:\Program Files (x86)\MSBuild\14.0\bin\Microsoft.Common.CurrentVersion.targets" from project "D:\Projects\rendervid\libogg-1.3.2\win32\VS2010\libogg_static.vcxproj" (target "ResolveAssemblyReferences" depends on it):
       Task "ResolveSDKReference" skipped, due to false condition; ('@(SDKReference)'!='') was evaluated as (''!='').
     1>Done building target "ResolveSDKReferences" in project "libogg_static.vcxproj".
       Target "ResolveSDKReferences" skipped. Previously built successfully.
     1>Target "ExpandSDKReferences" in file "C:\Program Files (x86)\MSBuild\14.0\bin\Microsoft.Common.CurrentVersion.targets" from project "D:\Projects\rendervid\libogg-1.3.2\win32\VS2010\libogg_static.vcxproj" (target "ResolveAssemblyReferences" depends on it):
       Task "GetSDKReferenceFiles" skipped, due to false condition; ('@(ResolvedSDKReference)'!='') was evaluated as (''!='').
     1>Done building target "ExpandSDKReferences" in project "libogg_static.vcxproj".
       Target "ResolveNuGetPackageAssets" skipped, due to false condition; ('$(ResolveNuGetPackages)' == 'true' and exists('$(ProjectLockFile)')) was evaluated as ('true' == 'true' and exists('project.lock.json')).
     1>Target "ResolveAssemblyReferences" in file "C:\Program Files (x86)\MSBuild\14.0\bin\Microsoft.Common.CurrentVersion.targets" from project "D:\Projects\rendervid\libogg-1.3.2\win32\VS2010\libogg_static.vcxproj" (target "ResolveReferences" depends on it):
       Task "ResolveAssemblyReference" skipped, due to false condition; ('@(Reference)'!='' or '@(_ResolvedProjectReferencePaths)'!='' or '@(_ExplicitReference)' != '') was evaluated as (''!='' or ''!='' or '' != '').
     1>Done building target "ResolveAssemblyReferences" in project "libogg_static.vcxproj".
       Target "GenerateBindingRedirects" skipped, due to false condition; ('$(AutoGenerateBindingRedirects)' == 'true' and '$(GenerateBindingRedirectsOutputType)' == 'true') was evaluated as ('' == 'true' and '' == 'true').
       Target "GenerateBindingRedirectsUpdateAppConfig" skipped, due to false condition; ('$(AutoGenerateBindingRedirects)' == 'true' and '$(GenerateBindingRedirectsOutputType)' == 'true' and Exists('$(_GenerateBindingRedirectsIntermediateAppConfig)')) was evaluated as ('' == 'true' and '' == 'true' and Exists('x64\Debug\libogg_static.vcxproj.libogg_static.lib.config')).
       Target "ResolveComReferences" skipped, due to false condition; ('@(COMReference)'!='' or '@(COMFileReference)'!='') was evaluated as (''!='' or ''!='').
     1>Target "AfterResolveReferences" in file "C:\Program Files (x86)\MSBuild\14.0\bin\Microsoft.Common.CurrentVersion.targets" from project "D:\Projects\rendervid\libogg-1.3.2\win32\VS2010\libogg_static.vcxproj" (target "ResolveReferences" depends on it):
     1>Done building target "AfterResolveReferences" in project "libogg_static.vcxproj".
       Target "ImplicitlyExpandDesignTimeFacades" skipped, due to false condition; ('$(ImplicitlyExpandDesignTimeFacades)' == 'true') was evaluated as ('' == 'true').
       Target "ResolveTestReferences" skipped, due to false condition; ('@(Shadow)'!='') was evaluated as (''!='').
     1>Target "ResolveReferences" in file "C:\Program Files (x86)\MSBuild\14.0\bin\Microsoft.Common.CurrentVersion.targets" from project "D:\Projects\rendervid\libogg-1.3.2\win32\VS2010\libogg_static.vcxproj" (target "Build" depends on it):
     1>Done building target "ResolveReferences" in project "libogg_static.vcxproj".
       Target "PrepareForBuild" skipped. Previously built successfully.
       Target "PrepareForBuild" skipped. Previously built successfully.
     1>Target "InitializeBuildStatus" in file "C:\Program Files (x86)\MSBuild\Microsoft.Cpp\v4.0\V140\Microsoft.CppBuild.targets" from project "D:\Projects\rendervid\libogg-1.3.2\win32\VS2010\libogg_static.vcxproj" (target "Build" depends on it):
       Using "ReadLinesFromFile" task from assembly "Microsoft.Build.Tasks.Core, Version=14.0.0.0, Culture=neutral, PublicKeyToken=b03f5f7f11d50a3a".
       Task "ReadLinesFromFile"
       Done executing task "ReadLinesFromFile".
       Using "WriteLinesToFile" task from assembly "Microsoft.Build.Tasks.Core, Version=14.0.0.0, Culture=neutral, PublicKeyToken=b03f5f7f11d50a3a".
       Task "WriteLinesToFile"
       Done executing task "WriteLinesToFile".
       Using "Touch" task from assembly "Microsoft.Build.Tasks.Core, Version=14.0.0.0, Culture=neutral, PublicKeyToken=b03f5f7f11d50a3a".
       Task "Touch"
         Creating "x64\Debug\libogg_static.tlog\unsuccessfulbuild" because "AlwaysCreate" was specified.
       Done executing task "Touch".
     1>Done building target "InitializeBuildStatus" in project "libogg_static.vcxproj".
       Target "AssignProjectConfiguration" skipped. Previously built successfully.
       Target "_SplitProjectReferencesByFileExistence" skipped. Previously built successfully.
     1>Target "BuildGenerateSourcesTraverse" in file "C:\Program Files (x86)\MSBuild\14.0\bin\Microsoft.Common.CurrentVersion.targets" from project "D:\Projects\rendervid\libogg-1.3.2\win32\VS2010\libogg_static.vcxproj" (target "BuildGenerateSources" depends on it):
       Task "MSBuild" skipped, due to false condition; ('$(BuildPassReferences)' == 'true' and '@(ProjectReferenceWithConfiguration)' != '' and '@(_MSBuildProjectReferenceExistent)' != '' and '%(_MSBuildProjectReferenceExistent.BuildReference)' == 'true') was evaluated as ('' == 'true' and '' != '' and '' != '' and '' == 'true').
     1>Done building target "BuildGenerateSourcesTraverse" in project "libogg_static.vcxproj".
       Target "PrepareForBuild" skipped. Previously built successfully.
       Target "ResolveReferences" skipped. Previously built successfully.
     1>Target "BeforeBuildGenerateSources" in file "C:\Program Files (x86)\MSBuild\Microsoft.Cpp\v4.0\V140\Microsoft.BuildSteps.Targets" from project "D:\Projects\rendervid\libogg-1.3.2\win32\VS2010\libogg_static.vcxproj" (target "_BuildGenerateSourcesAction" depends on it):
     1>Done building target "BeforeBuildGenerateSources" in project "libogg_static.vcxproj".
     1>Target "PreBuildEvent" in file "C:\Program Files (x86)\MSBuild\Microsoft.Cpp\v4.0\V140\Microsoft.CppCommon.targets" from project "D:\Projects\rendervid\libogg-1.3.2\win32\VS2010\libogg_static.vcxproj" (target "_BuildGenerateSourcesAction" depends on it):
       Task "Message" skipped, due to false condition; ('%(PreBuildEvent.Message)' != '' and '%(PreBuildEvent.Command)' != '') was evaluated as ('' != '' and '' != '').
       Task "Exec" skipped, due to false condition; ('%(PreBuildEvent.Command)' != '') was evaluated as ('' != '').
     1>Done building target "PreBuildEvent" in project "libogg_static.vcxproj".
       Target "CustomBuild" skipped, due to false condition; ('@(CustomBuild)' != '') was evaluated as ('' != '').
       Target "FxExport" skipped, due to false condition; ('@(FxCompile)' != '') was evaluated as ('' != '').
       Target "FxCompile" skipped, due to false condition; ('@(FxCompile)' != '') was evaluated as ('' != '').
       Target "Xsd" skipped, due to false condition; ('@(Xsd)' != '') was evaluated as ('' != '').
     1>Target "_Xsd" in file "C:\Program Files (x86)\MSBuild\Microsoft.Cpp\v4.0\V140\Microsoft.CppBuild.targets" from project "D:\Projects\rendervid\libogg-1.3.2\win32\VS2010\libogg_static.vcxproj" (target "_BuildGenerateSourcesAction" depends on it):
     1>Done building target "_Xsd" in project "libogg_static.vcxproj".
     1>Target "MakeDirsForMidl" in file "C:\Program Files (x86)\MSBuild\Microsoft.Cpp\v4.0\V140\Microsoft.CppBuild.targets" from project "D:\Projects\rendervid\libogg-1.3.2\win32\VS2010\libogg_static.vcxproj" (target "_Midl" depends on it):
       Task "Makedir"
       Done executing task "Makedir".
     1>Done building target "MakeDirsForMidl" in project "libogg_static.vcxproj".
       Target "Midl" skipped, due to false condition; ('@(Midl)' != '') was evaluated as ('' != '').
       Target "CustomBuild" skipped, due to false condition; ('@(CustomBuild)' != '') was evaluated as ('' != '').
       Target "FxExport" skipped, due to false condition; ('@(FxCompile)' != '') was evaluated as ('' != '').
       Target "FxCompile" skipped, due to false condition; ('@(FxCompile)' != '') was evaluated as ('' != '').
     1>Target "ComputeMIDLGeneratedCompileInputs" in file "C:\Program Files (x86)\MSBuild\Microsoft.Cpp\v4.0\V140\Microsoft.CppBuild.targets" from project "D:\Projects\rendervid\libogg-1.3.2\win32\VS2010\libogg_static.vcxproj" (target "_Midl" depends on it):
     1>Done building target "ComputeMIDLGeneratedCompileInputs" in project "libogg_static.vcxproj".
     1>Target "AfterMidl" in file "C:\Program Files (x86)\MSBuild\Microsoft.Cpp\v4.0\V140\Microsoft.CppBuild.targets" from project "D:\Projects\rendervid\libogg-1.3.2\win32\VS2010\libogg_static.vcxproj" (target "_Midl" depends on it):
     1>Done building target "AfterMidl" in project "libogg_static.vcxproj".
     1>Target "_Midl" in file "C:\Program Files (x86)\MSBuild\Microsoft.Cpp\v4.0\V140\Microsoft.CppBuild.targets" from project "D:\Projects\rendervid\libogg-1.3.2\win32\VS2010\libogg_static.vcxproj" (target "_BuildGenerateSourcesAction" depends on it):
     1>Done building target "_Midl" in project "libogg_static.vcxproj".
     1>Target "AfterBuildGenerateSources" in file "C:\Program Files (x86)\MSBuild\Microsoft.Cpp\v4.0\V140\Microsoft.BuildSteps.Targets" from project "D:\Projects\rendervid\libogg-1.3.2\win32\VS2010\libogg_static.vcxproj" (target "_BuildGenerateSourcesAction" depends on it):
     1>Done building target "AfterBuildGenerateSources" in project "libogg_static.vcxproj".
     1>Target "AfterBuildGenerateSourcesEvent" in file "C:\Program Files (x86)\MSBuild\Microsoft.Cpp\v4.0\V140\Microsoft.CppBuild.targets" from project "D:\Projects\rendervid\libogg-1.3.2\win32\VS2010\libogg_static.vcxproj" (target "_BuildGenerateSourcesAction" depends on it):
     1>Done building target "AfterBuildGenerateSourcesEvent" in project "libogg_static.vcxproj".
     1>Target "_BuildGenerateSourcesAction" in file "C:\Program Files (x86)\MSBuild\Microsoft.Cpp\v4.0\V140\Microsoft.CppBuild.targets" from project "D:\Projects\rendervid\libogg-1.3.2\win32\VS2010\libogg_static.vcxproj" (target "BuildGenerateSources" depends on it):
     1>Done building target "_BuildGenerateSourcesAction" in project "libogg_static.vcxproj".
     1>Target "BuildGenerateSources" in file "C:\Program Files (x86)\MSBuild\14.0\bin\Microsoft.Common.CurrentVersion.targets" from project "D:\Projects\rendervid\libogg-1.3.2\win32\VS2010\libogg_static.vcxproj" (target "Build" depends on it):
     1>Done building target "BuildGenerateSources" in project "libogg_static.vcxproj".
       Target "AssignProjectConfiguration" skipped. Previously built successfully.
       Target "_SplitProjectReferencesByFileExistence" skipped. Previously built successfully.
     1>Target "BuildCompileTraverse" in file "C:\Program Files (x86)\MSBuild\14.0\bin\Microsoft.Common.CurrentVersion.targets" from project "D:\Projects\rendervid\libogg-1.3.2\win32\VS2010\libogg_static.vcxproj" (target "BuildCompile" depends on it):
       Task "MSBuild" skipped, due to false condition; ('$(BuildPassReferences)' == 'true' and '@(ProjectReferenceWithConfiguration)' != '' and '@(_MSBuildProjectReferenceExistent)' != ''  and '%(_MSBuildProjectReferenceExistent.BuildReference)' == 'true') was evaluated as ('' == 'true' and '' != '' and '' != ''  and '' == 'true').
     1>Done building target "BuildCompileTraverse" in project "libogg_static.vcxproj".
       Target "PrepareForBuild" skipped. Previously built successfully.
       Target "ResolveReferences" skipped. Previously built successfully.
     1>Target "BeforeClCompile" in file "C:\Program Files (x86)\MSBuild\Microsoft.Cpp\v4.0\V140\Microsoft.CppBuild.targets" from project "D:\Projects\rendervid\libogg-1.3.2\win32\VS2010\libogg_static.vcxproj" (target "_ClCompile" depends on it):
     1>Done building target "BeforeClCompile" in project "libogg_static.vcxproj".
       Target "ComputeMIDLGeneratedCompileInputs" skipped. Previously built successfully.
     1>Target "ComputeCLInputPDBName" in file "C:\Program Files (x86)\MSBuild\Microsoft.Cpp\v4.0\V140\Microsoft.CppBuild.targets" from project "D:\Projects\rendervid\libogg-1.3.2\win32\VS2010\libogg_static.vcxproj" (target "_ClCompile" depends on it):
     1>Done building target "ComputeCLInputPDBName" in project "libogg_static.vcxproj".
       Target "ResolveReferences" skipped. Previously built successfully.
     1>Target "ComputeReferenceCLInput" in file "C:\Program Files (x86)\MSBuild\Microsoft.Cpp\v4.0\V140\Microsoft.CppBuild.targets" from project "D:\Projects\rendervid\libogg-1.3.2\win32\VS2010\libogg_static.vcxproj" (target "_ClCompile" depends on it):
       Task "WriteLinesToFile" skipped, due to false condition; (('@(_ReferenceCopyLocalPaths)'!='') and '$(DesignTimeBuild)' != 'true') was evaluated as ((''!='') and '' != 'true').
       Task "Message" skipped, due to false condition; ('$(_REFERENCE_DEBUG)'=='true') was evaluated as (''=='true').
     1>Done building target "ComputeReferenceCLInput" in project "libogg_static.vcxproj".
     1>Target "WarnCompileDuplicatedFilename" in file "C:\Program Files (x86)\MSBuild\Microsoft.Cpp\v4.0\V140\Microsoft.CppBuild.targets" from project "D:\Projects\rendervid\libogg-1.3.2\win32\VS2010\libogg_static.vcxproj" (target "_ClCompile" depends on it):
       Task "VCMessage" skipped, due to false condition; ('%(ClCompile.ExcludedFromBuild)' != 'true' and '%(Filename)%(Extension)' != '@(ClCompile->'%(Filename)%(Extension)')' and '%(ObjectFileName)' == '@(ClCompile->Metadata(ObjectFileName)->Distinct())') was evaluated as ('' != 'true' and 'bitwise.c' != 'bitwise.c' and 'x64\Debug\' == 'x64\Debug\').
       Task "VCMessage" skipped, due to false condition; ('%(ClCompile.ExcludedFromBuild)' != 'true' and '%(Filename)%(Extension)' != '@(ClCompile->'%(Filename)%(Extension)')' and '%(ObjectFileName)' == '@(ClCompile->Metadata(ObjectFileName)->Distinct())') was evaluated as ('' != 'true' and 'framing.c' != 'framing.c' and 'x64\Debug\' == 'x64\Debug\').
     1>Done building target "WarnCompileDuplicatedFilename" in project "libogg_static.vcxproj".
     1>Target "FixupCLCompileOptions" in file "C:\Program Files (x86)\MSBuild\Microsoft.Cpp\v4.0\V140\Microsoft.CppCommon.targets" from project "D:\Projects\rendervid\libogg-1.3.2\win32\VS2010\libogg_static.vcxproj" (target "_ClCompile" depends on it):
     1>Done building target "FixupCLCompileOptions" in project "libogg_static.vcxproj".
     1>Target "MakeDirsForCl" in file "C:\Program Files (x86)\MSBuild\Microsoft.Cpp\v4.0\V140\Microsoft.CppBuild.targets" from project "D:\Projects\rendervid\libogg-1.3.2\win32\VS2010\libogg_static.vcxproj" (target "_ClCompile" depends on it):
       Task "MakeDir"
       Done executing task "MakeDir".
     1>Done building target "MakeDirsForCl" in project "libogg_static.vcxproj".
       Target "PrepareForBuild" skipped. Previously built successfully.
       Target "SetBuildDefaultEnvironmentVariables" skipped. Previously built successfully.
       Target "SetUserMacroEnvironmentVariables" skipped, due to false condition; ('@(BuildMacro)' != '' and '$(DesignTimeBuild)' != 'true') was evaluated as ('' != '' and '' != 'true').
     1>Target "_SelectedFiles" in file "C:\Program Files (x86)\MSBuild\Microsoft.Cpp\v4.0\V140\Microsoft.CppBuild.targets" from project "D:\Projects\rendervid\libogg-1.3.2\win32\VS2010\libogg_static.vcxproj" (target "SelectClCompile" depends on it):
     1>Done building target "_SelectedFiles" in project "libogg_static.vcxproj".
       Target "ComputeMIDLGeneratedCompileInputs" skipped. Previously built successfully.
       Target "ComputeCLInputPDBName" skipped. Previously built successfully.
       Target "ComputeReferenceCLInput" skipped. Previously built successfully.
       Target "WarnCompileDuplicatedFilename" skipped. Previously built successfully.
       Target "FixupCLCompileOptions" skipped. Previously built successfully.
       Target "_SelectedFiles" skipped. Previously built successfully.
     1>Target "SelectCustomBuild" in file "C:\Program Files (x86)\MSBuild\Microsoft.Cpp\v4.0\V140\Microsoft.CppBuild.targets" from project "D:\Projects\rendervid\libogg-1.3.2\win32\VS2010\libogg_static.vcxproj" (target "SelectClCompile" depends on it):
     1>Done building target "SelectCustomBuild" in project "libogg_static.vcxproj".
     1>Target "SelectClCompile" in file "C:\Program Files (x86)\MSBuild\Microsoft.Cpp\v4.0\V140\Microsoft.CppBuild.targets" from project "D:\Projects\rendervid\libogg-1.3.2\win32\VS2010\libogg_static.vcxproj" (target "ClCompile" depends on it):
     1>Done building target "SelectClCompile" in project "libogg_static.vcxproj".
       Target "GenerateTargetFrameworkMonikerAttribute" skipped, due to false condition; ('$(GenerateTargetFrameworkAttribute)' == 'true') was evaluated as ('false' == 'true').
       Target "ManagedIncrementalBuildPreProcessDependencyGraph" skipped, due to false condition; ('@(ClCompile)' != '' and '$(EnableManagedIncrementalBuild)' == 'True') was evaluated as ('..\..\src\bitwise.c;..\..\src\framing.c' != '' and 'false' == 'True').
     1>Target "ClCompile" in file "C:\Program Files (x86)\MSBuild\Microsoft.Cpp\v4.0\V140\Microsoft.CppCommon.targets" from project "D:\Projects\rendervid\libogg-1.3.2\win32\VS2010\libogg_static.vcxproj" (target "_ClCompile" depends on it):
       Task "Delete" skipped, due to false condition; ('%(ClCompile.DebugInformationFormat)' != '' and '%(ClCompile.DebugInformationFormat)' != 'None' and '%(ClCompile.DebugInformationFormat)' != 'OldStyle' and '%(ClCompile.ProgramDataBaseFileName)' != '' and !Exists(%(ClCompile.ProgramDataBaseFileName))) was evaluated as ('ProgramDatabase' != '' and 'ProgramDatabase' != 'None' and 'ProgramDatabase' != 'OldStyle' and 'x64\Debug\libogg_static.pdb' != '' and !Exists(x64\Debug\libogg_static.pdb)).
       Task "CL" skipped, due to false condition; ('%(ClCompile.PrecompiledHeader)' == 'Create' and '%(ClCompile.ExcludedFromBuild)'!='true' and '%(ClCompile.CompilerIteration)' == '') was evaluated as ('' == 'Create' and ''!='true' and '' == '').
       Using "CL" task from assembly "C:\Program Files (x86)\MSBuild\Microsoft.Cpp\v4.0\V140\Microsoft.Build.CppTasks.Common.dll".
       Task "CL"
         Read Tracking Logs:
         	x64\Debug\libogg_static.tlog\CL.read.1.tlog
         Outputs for D:\PROJECTS\RENDERVID\LIBOGG-1.3.2\SRC\BITWISE.C|D:\PROJECTS\RENDERVID\LIBOGG-1.3.2\SRC\FRAMING.C:
         	D:\PROJECTS\RENDERVID\LIBOGG-1.3.2\WIN32\VS2010\X64\DEBUG\BITWISE.OBJ
         	D:\PROJECTS\RENDERVID\LIBOGG-1.3.2\WIN32\VS2010\X64\DEBUG\FRAMING.OBJ
         ..\..\src\bitwise.c will be compiled as it was not found in the tracking log.
         ..\..\src\framing.c will be compiled as it was not found in the tracking log.
         Environment Variables passed to tool:
           VS_UNICODE_OUTPUT=2124
         C:\Program Files (x86)\Microsoft Visual Studio 14.0\VC\bin\x86_amd64\CL.exe /c /I..\..\include /Zi /nologo /W4 /WX- /Od /D WIN32 /D _DEBUG /D _WINDOWS /D _USRDLL /D LIBOGG_EXPORTS /D _UNICODE /D UNICODE /Gm /EHsc /RTC1 /MTd /GS /fp:precise /Zc:wchar_t /Zc:forScope /Zc:inline /Fo"x64\Debug\\" /Fd"x64\Debug\libogg_static.pdb" /Gd /TC /errorReport:prompt ..\..\src\bitwise.c ..\..\src\framing.c
         Tracking command:
         C:\Program Files (x86)\MSBuild\14.0\bin\Tracker.exe /d "C:\Program Files (x86)\MSBuild\14.0\bin\FileTracker.dll" /i D:\Projects\rendervid\libogg-1.3.2\win32\VS2010\x64\Debug\libogg_static.tlog /r "D:\PROJECTS\RENDERVID\LIBOGG-1.3.2\SRC\BITWISE.C|D:\PROJECTS\RENDERVID\LIBOGG-1.3.2\SRC\FRAMING.C" /b MSBuildConsole_CancelEventef72a53c0f7f402f9cf3fc7f6e378301  /c "C:\Program Files (x86)\Microsoft Visual Studio 14.0\VC\bin\x86_amd64\CL.exe"  /c /I..\..\include /Zi /nologo /W4 /WX- /Od /D WIN32 /D _DEBUG /D _WINDOWS /D _USRDLL /D LIBOGG_EXPORTS /D _UNICODE /D UNICODE /Gm /EHsc /RTC1 /MTd /GS /fp:precise /Zc:wchar_t /Zc:forScope /Zc:inline /Fo"x64\Debug\\" /Fd"x64\Debug\libogg_static.pdb" /Gd /TC /errorReport:prompt ..\..\src\bitwise.c ..\..\src\framing.c
         framing.c
     1>..\..\src\framing.c(733): warning C4456: declaration of 'page' hides previous local declaration
         ..\..\src\framing.c(678): note: see declaration of 'page'
     1>..\..\src\framing.c(734): warning C4456: declaration of 'bytes' hides previous local declaration
         ..\..\src\framing.c(680): note: see declaration of 'bytes'
         bitwise.c
         Generating Code...
       Done executing task "CL".
     1>Done building target "ClCompile" in project "libogg_static.vcxproj".
       Target "ManagedIncrementalBuildPostProcessDependencyGraph" skipped, due to false condition; ('@(ClCompile)' != '' and '$(EnableManagedIncrementalBuild)' == 'True') was evaluated as ('..\..\src\bitwise.c;..\..\src\framing.c' != '' and 'false' == 'True').
     1>Target "AfterClCompile" in file "C:\Program Files (x86)\MSBuild\Microsoft.Cpp\v4.0\V140\Microsoft.CppBuild.targets" from project "D:\Projects\rendervid\libogg-1.3.2\win32\VS2010\libogg_static.vcxproj" (target "_ClCompile" depends on it):
     1>Done building target "AfterClCompile" in project "libogg_static.vcxproj".
     1>Target "_ClCompile" in file "C:\Program Files (x86)\MSBuild\Microsoft.Cpp\v4.0\V140\Microsoft.CppBuild.targets" from project "D:\Projects\rendervid\libogg-1.3.2\win32\VS2010\libogg_static.vcxproj" (target "_BuildCompileAction" depends on it):
     1>Done building target "_ClCompile" in project "libogg_static.vcxproj".
       Target "_ResGen" skipped, due to false condition; ('@(EmbeddedResource)'!='') was evaluated as (''!='').
     1>Target "BeforeResourceCompile" in file "C:\Program Files (x86)\MSBuild\Microsoft.Cpp\v4.0\V140\Microsoft.CppBuild.targets" from project "D:\Projects\rendervid\libogg-1.3.2\win32\VS2010\libogg_static.vcxproj" (target "_ResourceCompile" depends on it):
     1>Done building target "BeforeResourceCompile" in project "libogg_static.vcxproj".
     1>Target "MakeDirsForResourceCompile" in file "C:\Program Files (x86)\MSBuild\Microsoft.Cpp\v4.0\V140\Microsoft.CppBuild.targets" from project "D:\Projects\rendervid\libogg-1.3.2\win32\VS2010\libogg_static.vcxproj" (target "_ResourceCompile" depends on it):
       Task "MakeDir"
       Done executing task "MakeDir".
     1>Done building target "MakeDirsForResourceCompile" in project "libogg_static.vcxproj".
       Target "ResourceCompile" skipped, due to false condition; ('@(ResourceCompile)' != '') was evaluated as ('' != '').
     1>Target "AfterResourceCompile" in file "C:\Program Files (x86)\MSBuild\Microsoft.Cpp\v4.0\V140\Microsoft.CppBuild.targets" from project "D:\Projects\rendervid\libogg-1.3.2\win32\VS2010\libogg_static.vcxproj" (target "_ResourceCompile" depends on it):
     1>Done building target "AfterResourceCompile" in project "libogg_static.vcxproj".
     1>Target "_ResourceCompile" in file "C:\Program Files (x86)\MSBuild\Microsoft.Cpp\v4.0\V140\Microsoft.CppBuild.targets" from project "D:\Projects\rendervid\libogg-1.3.2\win32\VS2010\libogg_static.vcxproj" (target "_BuildCompileAction" depends on it):
     1>Done building target "_ResourceCompile" in project "libogg_static.vcxproj".
       Target "_ImpLib" skipped, due to false condition; ('$(ImpLibCompiled)' == 'true') was evaluated as ('' == 'true').
     1>Target "BeforeLib" in file "C:\Program Files (x86)\MSBuild\Microsoft.Cpp\v4.0\V140\Microsoft.CppBuild.targets" from project "D:\Projects\rendervid\libogg-1.3.2\win32\VS2010\libogg_static.vcxproj" (target "_Lib" depends on it):
     1>Done building target "BeforeLib" in project "libogg_static.vcxproj".
     1>Target "ComputeLibAdditionalOptions" in file "C:\Program Files (x86)\MSBuild\Microsoft.Cpp\v4.0\V140\Microsoft.CppBuild.targets" from project "D:\Projects\rendervid\libogg-1.3.2\win32\VS2010\libogg_static.vcxproj" (target "_Lib" depends on it):
     1>Done building target "ComputeLibAdditionalOptions" in project "libogg_static.vcxproj".
     1>Target "ComputeRCOutputs" in file "C:\Program Files (x86)\MSBuild\Microsoft.Cpp\v4.0\V140\Microsoft.CppBuild.targets" from project "D:\Projects\rendervid\libogg-1.3.2\win32\VS2010\libogg_static.vcxproj" (target "ComputeRCGeneratedLibInputs" depends on it):
     1>Done building target "ComputeRCOutputs" in project "libogg_static.vcxproj".
     1>Target "ComputeRCGeneratedLibInputs" in file "C:\Program Files (x86)\MSBuild\Microsoft.Cpp\v4.0\V140\Microsoft.CppBuild.targets" from project "D:\Projects\rendervid\libogg-1.3.2\win32\VS2010\libogg_static.vcxproj" (target "_Lib" depends on it):
     1>Done building target "ComputeRCGeneratedLibInputs" in project "libogg_static.vcxproj".
     1>Target "ComputeCustomBuildOutput" in file "C:\Program Files (x86)\MSBuild\Microsoft.Cpp\v4.0\V140\Microsoft.CppBuild.targets" from project "D:\Projects\rendervid\libogg-1.3.2\win32\VS2010\libogg_static.vcxproj" (target "_Lib" depends on it):
       Task "CreateItem" skipped, due to false condition; ('%(CustomBuildDirsToMake.OutputFileToTool)'!='') was evaluated as (''!='').
       Task "MakeDir"
       Done executing task "MakeDir".
     1>Done building target "ComputeCustomBuildOutput" in project "libogg_static.vcxproj".
       Target "ComputeMIDLGeneratedCompileInputs" skipped. Previously built successfully.
       Target "ComputeCLInputPDBName" skipped. Previously built successfully.
       Target "ComputeReferenceCLInput" skipped. Previously built successfully.
       Target "WarnCompileDuplicatedFilename" skipped. Previously built successfully.
       Target "FixupCLCompileOptions" skipped. Previously built successfully.
     1>Target "ComputeCLOutputs" in file "C:\Program Files (x86)\MSBuild\Microsoft.Cpp\v4.0\V140\Microsoft.CppBuild.targets" from project "D:\Projects\rendervid\libogg-1.3.2\win32\VS2010\libogg_static.vcxproj" (target "ComputeCLGeneratedLibInputs" depends on it):
     1>Done building target "ComputeCLOutputs" in project "libogg_static.vcxproj".
     1>Target "ComputeCLGeneratedLibInputs" in file "C:\Program Files (x86)\MSBuild\Microsoft.Cpp\v4.0\V140\Microsoft.CppBuild.targets" from project "D:\Projects\rendervid\libogg-1.3.2\win32\VS2010\libogg_static.vcxproj" (target "_Lib" depends on it):
     1>Done building target "ComputeCLGeneratedLibInputs" in project "libogg_static.vcxproj".
     1>Target "ComputeLibInputsFromProject" in file "C:\Program Files (x86)\MSBuild\Microsoft.Cpp\v4.0\V140\Microsoft.CppBuild.targets" from project "D:\Projects\rendervid\libogg-1.3.2\win32\VS2010\libogg_static.vcxproj" (target "_Lib" depends on it):
     1>Done building target "ComputeLibInputsFromProject" in project "libogg_static.vcxproj".
       Target "ComputeReferenceLibInputs" skipped, due to false condition; (@(ProjectReference) != '') was evaluated as ( != '').
     1>Target "MakeDirsForLib" in file "C:\Program Files (x86)\MSBuild\Microsoft.Cpp\v4.0\V140\Microsoft.CppBuild.targets" from project "D:\Projects\rendervid\libogg-1.3.2\win32\VS2010\libogg_static.vcxproj" (target "_Lib" depends on it):
       Task "MakeDir"
       Done executing task "MakeDir".
     1>Done building target "MakeDirsForLib" in project "libogg_static.vcxproj".
     1>Target "DoLibOutputFilesMatch" in file "C:\Program Files (x86)\MSBuild\Microsoft.Cpp\v4.0\V140\Microsoft.CppBuild.targets" from project "D:\Projects\rendervid\libogg-1.3.2\win32\VS2010\libogg_static.vcxproj" (target "_Lib" depends on it):
       Task "VCMessage" skipped, due to false condition; ('@(_OutputFileFromLib)' == '') was evaluated as ('D:\Projects\rendervid\TheoraPlayer\x64\Debug\libogg_static.lib' == '').
       Task "VCMessage" skipped, due to false condition; ('@(_OutputFileFromLib)' != '' and '%(_OutputFileFromLib.FullPath)' != '$([System.IO.Path]::GetFullPath($(TargetPath)))') was evaluated as ('D:\Projects\rendervid\TheoraPlayer\x64\Debug\libogg_static.lib' != '' and 'D:\Projects\rendervid\TheoraPlayer\x64\Debug\libogg_static.lib' != 'D:\Projects\rendervid\TheoraPlayer\x64\Debug\libogg_static.lib').
       Task "VCMessage" skipped, due to false condition; ('@(_OutputFileFromLib)' != '' and '%(_OutputFileFromLib.Extension)' != '' and '%(_OutputFileFromLib.Extension)' != '$(TargetExt)') was evaluated as ('D:\Projects\rendervid\TheoraPlayer\x64\Debug\libogg_static.lib' != '' and '.lib' != '' and '.lib' != '.lib').
       Task "VCMessage" skipped, due to false condition; ('@(_OutputFileFromLib)' != '' and '%(_OutputFileFromLib.Filename)' !=  '' and '%(_OutputFileFromLib.Filename)' != '$(TargetName)') was evaluated as ('D:\Projects\rendervid\TheoraPlayer\x64\Debug\libogg_static.lib' != '' and 'libogg_static' !=  '' and 'libogg_static' != 'libogg_static').
     1>Done building target "DoLibOutputFilesMatch" in project "libogg_static.vcxproj".
     1>Target "PreLinkEvent" in file "C:\Program Files (x86)\MSBuild\Microsoft.Cpp\v4.0\V140\Microsoft.CppCommon.targets" from project "D:\Projects\rendervid\libogg-1.3.2\win32\VS2010\libogg_static.vcxproj" (target "_Lib" depends on it):
       Task "Message" skipped, due to false condition; ('%(PreLinkEvent.Message)' != '' and '%(PreLinkEvent.Command)' != '') was evaluated as ('' != '' and '' != '').
       Task "Exec" skipped, due to false condition; ('%(PreLinkEvent.Command)' != '') was evaluated as ('' != '').
     1>Done building target "PreLinkEvent" in project "libogg_static.vcxproj".
     1>Target "Lib" in file "C:\Program Files (x86)\MSBuild\Microsoft.Cpp\v4.0\V140\Microsoft.CppCommon.targets" from project "D:\Projects\rendervid\libogg-1.3.2\win32\VS2010\libogg_static.vcxproj" (target "_Lib" depends on it):
       Using "LIB" task from assembly "C:\Program Files (x86)\MSBuild\Microsoft.Cpp\v4.0\V140\Microsoft.Build.CppTasks.Common.dll".
       Task "LIB"
         Write Tracking Logs:
         	x64\Debug\libogg_static.tlog\Lib-link.write.1.tlog
         Read Tracking Logs:
         	x64\Debug\libogg_static.tlog\Lib-link.read.1.tlog
         No output for D:\PROJECTS\RENDERVID\LIBOGG-1.3.2\WIN32\VS2010\X64\DEBUG\BITWISE.OBJ|D:\PROJECTS\RENDERVID\LIBOGG-1.3.2\WIN32\VS2010\X64\DEBUG\FRAMING.OBJ was found in the tracking log; source compilation required.
         No dependencies for output D:\PROJECTS\RENDERVID\LIBOGG-1.3.2\WIN32\VS2010\X64\DEBUG\BITWISE.OBJ|D:\PROJECTS\RENDERVID\LIBOGG-1.3.2\WIN32\VS2010\X64\DEBUG\FRAMING.OBJ were found in the tracking log; source compilation required.
         C:\Program Files (x86)\Microsoft Visual Studio 14.0\VC\bin\x86_amd64\Lib.exe /OUT:"D:\Projects\rendervid\TheoraPlayer\x64\Debug\libogg_static.lib" /NOLOGO /MACHINE:X64 x64\Debug\bitwise.obj
         x64\Debug\framing.obj
         Tracking command:
         C:\Program Files (x86)\MSBuild\14.0\bin\Tracker.exe /d "C:\Program Files (x86)\MSBuild\14.0\bin\FileTracker.dll" /i D:\Projects\rendervid\libogg-1.3.2\win32\VS2010\x64\Debug\libogg_static.tlog /r "D:\PROJECTS\RENDERVID\LIBOGG-1.3.2\WIN32\VS2010\X64\DEBUG\BITWISE.OBJ|D:\PROJECTS\RENDERVID\LIBOGG-1.3.2\WIN32\VS2010\X64\DEBUG\FRAMING.OBJ" /b MSBuildConsole_CancelEventb0c52f9bff864561bc61d680ef276432  /c "C:\Program Files (x86)\Microsoft Visual Studio 14.0\VC\bin\x86_amd64\Lib.exe"  /OUT:"D:\Projects\rendervid\TheoraPlayer\x64\Debug\libogg_static.lib" /NOLOGO /MACHINE:X64 x64\Debug\bitwise.obj
         x64\Debug\framing.obj
       Done executing task "LIB".
       Task "Message"
         libogg_static.vcxproj -> D:\Projects\rendervid\TheoraPlayer\x64\Debug\libogg_static.lib
       Done executing task "Message".
     1>Done building target "Lib" in project "libogg_static.vcxproj".
     1>Target "AfterLib" in file "C:\Program Files (x86)\MSBuild\Microsoft.Cpp\v4.0\V140\Microsoft.CppBuild.targets" from project "D:\Projects\rendervid\libogg-1.3.2\win32\VS2010\libogg_static.vcxproj" (target "_Lib" depends on it):
     1>Done building target "AfterLib" in project "libogg_static.vcxproj".
     1>Target "_Lib" in file "C:\Program Files (x86)\MSBuild\Microsoft.Cpp\v4.0\V140\Microsoft.CppBuild.targets" from project "D:\Projects\rendervid\libogg-1.3.2\win32\VS2010\libogg_static.vcxproj" (target "_BuildCompileAction" depends on it):
     1>Done building target "_Lib" in project "libogg_static.vcxproj".
     1>Target "AfterBuildCompileEvent" in file "C:\Program Files (x86)\MSBuild\Microsoft.Cpp\v4.0\V140\Microsoft.CppBuild.targets" from project "D:\Projects\rendervid\libogg-1.3.2\win32\VS2010\libogg_static.vcxproj" (target "_BuildCompileAction" depends on it):
     1>Done building target "AfterBuildCompileEvent" in project "libogg_static.vcxproj".
     1>Target "_BuildCompileAction" in file "C:\Program Files (x86)\MSBuild\Microsoft.Cpp\v4.0\V140\Microsoft.CppBuild.targets" from project "D:\Projects\rendervid\libogg-1.3.2\win32\VS2010\libogg_static.vcxproj" (target "BuildCompile" depends on it):
     1>Done building target "_BuildCompileAction" in project "libogg_static.vcxproj".
     1>Target "BuildCompile" in file "C:\Program Files (x86)\MSBuild\14.0\bin\Microsoft.Common.CurrentVersion.targets" from project "D:\Projects\rendervid\libogg-1.3.2\win32\VS2010\libogg_static.vcxproj" (target "Build" depends on it):
     1>Done building target "BuildCompile" in project "libogg_static.vcxproj".
       Target "AssignProjectConfiguration" skipped. Previously built successfully.
       Target "_SplitProjectReferencesByFileExistence" skipped. Previously built successfully.
     1>Target "BuildLinkTraverse" in file "C:\Program Files (x86)\MSBuild\14.0\bin\Microsoft.Common.CurrentVersion.targets" from project "D:\Projects\rendervid\libogg-1.3.2\win32\VS2010\libogg_static.vcxproj" (target "BuildLink" depends on it):
       Task "MSBuild" skipped, due to false condition; ('$(BuildPassReferences)' == 'true' and '@(ProjectReferenceWithConfiguration)' != '' and '@(_MSBuildProjectReferenceExistent)' != ''  and '%(_MSBuildProjectReferenceExistent.BuildReference)' == 'true') was evaluated as ('' == 'true' and '' != '' and '' != ''  and '' == 'true').
     1>Done building target "BuildLinkTraverse" in project "libogg_static.vcxproj".
       Target "PrepareForBuild" skipped. Previously built successfully.
       Target "ResolveReferences" skipped. Previously built successfully.
     1>Target "ComputeLegacyManifestEmbedding" in file "C:\Program Files (x86)\MSBuild\Microsoft.Cpp\v4.0\V140\Microsoft.CppBuild.targets" from project "D:\Projects\rendervid\libogg-1.3.2\win32\VS2010\libogg_static.vcxproj" (target "_BuildLinkAction" depends on it):
       Task "VCMessage" skipped, due to false condition; ('$(RevertManifestEmbedding)' == 'true' and '$(_LegacyManifestEmbeddingDebug)' == 'true') was evaluated as ('' == 'true' and '' == 'true').
     1>Done building target "ComputeLegacyManifestEmbedding" in project "libogg_static.vcxproj".
       Target "_Link" skipped, due to false condition; ('$(LinkCompiled)' == 'true') was evaluated as ('' == 'true').
     1>Target "_ALink" in file "C:\Program Files (x86)\MSBuild\Microsoft.Cpp\v4.0\V140\Microsoft.CppBuild.targets" from project "D:\Projects\rendervid\libogg-1.3.2\win32\VS2010\libogg_static.vcxproj" (target "_BuildLinkAction" depends on it):
     1>Done building target "_ALink" in project "libogg_static.vcxproj".
       Target "ComputeLegacyManifestEmbedding" skipped. Previously built successfully.
     1>Target "_Manifest" in file "C:\Program Files (x86)\MSBuild\Microsoft.Cpp\v4.0\V140\Microsoft.CppBuild.targets" from project "D:\Projects\rendervid\libogg-1.3.2\win32\VS2010\libogg_static.vcxproj" (target "_BuildLinkAction" depends on it):
       Task "CallTarget" skipped, due to false condition; ('$(LegacyManifestEmbedding)' == 'true') was evaluated as ('' == 'true').
     1>Done building target "_Manifest" in project "libogg_static.vcxproj".
     1>Target "RegisterOutput" in file "C:\Program Files (x86)\MSBuild\Microsoft.Cpp\v4.0\V140\Microsoft.CppCommon.targets" from project "D:\Projects\rendervid\libogg-1.3.2\win32\VS2010\libogg_static.vcxproj" (target "_BuildLinkAction" depends on it):
       Task "Exec" skipped, due to false condition; ('$(ConfigurationType)'=='DynamicLibrary' and '%(Link.RegisterOutput)'=='true' and '%(Link.PerUserRedirection)'!='true') was evaluated as ('StaticLibrary'=='DynamicLibrary' and ''=='true' and ''!='true').
       Task "Exec" skipped, due to false condition; ('$(ConfigurationType)'=='DynamicLibrary' and '%(Link.RegisterOutput)'=='true' and '%(Link.PerUserRedirection)'=='true') was evaluated as ('StaticLibrary'=='DynamicLibrary' and ''=='true' and ''=='true').
       Task "Exec" skipped, due to false condition; ('$(ConfigurationType)'=='Application' and '%(Link.RegisterOutput)'=='true' and '%(Link.PerUserRedirection)'!='true') was evaluated as ('StaticLibrary'=='Application' and ''=='true' and ''!='true').
       Task "Exec" skipped, due to false condition; ('$(ConfigurationType)'=='Application' and '%(Link.RegisterOutput)'=='true' and '%(Link.PerUserRedirection)'=='true') was evaluated as ('StaticLibrary'=='Application' and ''=='true' and ''=='true').
       Task "VCMessage" skipped, due to false condition; ('$(_RegisterOutputExitCode)' != '' and '$(_RegisterOutputExitCode)' != '0') was evaluated as ('' != '' and '' != '0').
     1>Done building target "RegisterOutput" in project "libogg_static.vcxproj".
       Target "PrepareForBuild" skipped. Previously built successfully.
       Target "ResolveReferences" skipped. Previously built successfully.
     1>Target "ResolvedXDCMake" in file "C:\Program Files (x86)\MSBuild\Microsoft.Cpp\v4.0\V140\Microsoft.CppBuild.targets" from project "D:\Projects\rendervid\libogg-1.3.2\win32\VS2010\libogg_static.vcxproj" (target "_XdcMake" depends on it):
       Task "MSBuild" skipped, due to false condition; ('%(_MSBuildProjectReferenceExistent.Extension)' == '.vcxproj' and '@(ProjectReferenceWithConfiguration)' != '' and '@(_MSBuildProjectReferenceExistent)' != '' and '$(_ClCompileGenerateXMLDocumentationFiles)' == 'true') was evaluated as ('' == '.vcxproj' and '' != '' and '' != '' and '' == 'true').
     1>Done building target "ResolvedXDCMake" in project "libogg_static.vcxproj".
     1>Target "ComputeCLCompileGeneratedXDCFiles" in file "C:\Program Files (x86)\MSBuild\Microsoft.Cpp\v4.0\V140\Microsoft.CppBuild.targets" from project "D:\Projects\rendervid\libogg-1.3.2\win32\VS2010\libogg_static.vcxproj" (target "_XdcMake" depends on it):
     1>Done building target "ComputeCLCompileGeneratedXDCFiles" in project "libogg_static.vcxproj".
     1>Target "MakeDirsForXdcMake" in file "C:\Program Files (x86)\MSBuild\Microsoft.Cpp\v4.0\V140\Microsoft.CppBuild.targets" from project "D:\Projects\rendervid\libogg-1.3.2\win32\VS2010\libogg_static.vcxproj" (target "_XdcMake" depends on it):
       Task "MakeDir"
       Done executing task "MakeDir".
     1>Done building target "MakeDirsForXdcMake" in project "libogg_static.vcxproj".
       Target "XdcMake" skipped, due to false condition; ('@(XdcMake)' != '') was evaluated as ('' != '').
     1>Target "_XdcMake" in file "C:\Program Files (x86)\MSBuild\Microsoft.Cpp\v4.0\V140\Microsoft.CppBuild.targets" from project "D:\Projects\rendervid\libogg-1.3.2\win32\VS2010\libogg_static.vcxproj" (target "_BuildLinkAction" depends on it):
     1>Done building target "_XdcMake" in project "libogg_static.vcxproj".
     1>Target "ComputeCLCompileGeneratedSbrFiles" in file "C:\Program Files (x86)\MSBuild\Microsoft.Cpp\v4.0\V140\Microsoft.CppBuild.targets" from project "D:\Projects\rendervid\libogg-1.3.2\win32\VS2010\libogg_static.vcxproj" (target "_BscMake" depends on it):
     1>Done building target "ComputeCLCompileGeneratedSbrFiles" in project "libogg_static.vcxproj".
     1>Target "MakeDirsForBscMake" in file "C:\Program Files (x86)\MSBuild\Microsoft.Cpp\v4.0\V140\Microsoft.CppBuild.targets" from project "D:\Projects\rendervid\libogg-1.3.2\win32\VS2010\libogg_static.vcxproj" (target "_BscMake" depends on it):
       Task "MakeDir"
       Done executing task "MakeDir".
     1>Done building target "MakeDirsForBscMake" in project "libogg_static.vcxproj".
       Target "BscMake" skipped, due to false condition; ('@(BscMake)' != '') was evaluated as ('' != '').
       Target "CustomBuildStep" skipped, due to false condition; ('@(CustomBuildStep)' != '' and '$(SelectedFiles)'=='') was evaluated as ('' != '' and ''=='').
     1>Target "_BscMake" in file "C:\Program Files (x86)\MSBuild\Microsoft.Cpp\v4.0\V140\Microsoft.CppBuild.targets" from project "D:\Projects\rendervid\libogg-1.3.2\win32\VS2010\libogg_static.vcxproj" (target "_BuildLinkAction" depends on it):
     1>Done building target "_BscMake" in project "libogg_static.vcxproj".
       Target "RunMergeNativeCodeAnalysis" skipped, due to false condition; ('$(Language)'=='C++' and '$(RunCodeAnalysisOnThisProject)'=='true') was evaluated as ('C++'=='C++' and ''=='true').
       Target "RunNativeCodeAnalysis" skipped, due to false condition; ('$(Language)'=='C++' and '$(RunCodeAnalysisOnThisProject)'=='true') was evaluated as ('C++'=='C++' and ''=='true').
     1>Target "_GenerateSatelliteAssemblyInputs" in file "C:\Program Files (x86)\MSBuild\14.0\bin\Microsoft.Common.CurrentVersion.targets" from project "D:\Projects\rendervid\libogg-1.3.2\win32\VS2010\libogg_static.vcxproj" (target "CreateSatelliteAssemblies" depends on it):
       Task "Warning" skipped, due to false condition; ('@(ManifestResourceWithCulture)'!='' and '%(ManifestResourceWithCulture.EmittedForCompatibilityOnly)'=='') was evaluated as (''!='' and ''=='').
       Task "Warning" skipped, due to false condition; ('@(ManifestNonResxWithCultureOnDisk)'!='' and '%(ManifestNonResxWithCultureOnDisk.EmittedForCompatibilityOnly)'=='') was evaluated as (''!='' and ''=='').
     1>Done building target "_GenerateSatelliteAssemblyInputs" in project "libogg_static.vcxproj".
       Target "ComputeIntermediateSatelliteAssemblies" skipped, due to false condition; (@(ReferenceSatellitePaths->'%(DestinationSubDirectory)') != '') was evaluated as ( != '').
       Target "GenerateSatelliteAssemblies" skipped, due to false condition; ('@(_SatelliteAssemblyResourceInputs)' != '') was evaluated as ('' != '').
     1>Target "CreateSatelliteAssemblies" in file "C:\Program Files (x86)\MSBuild\14.0\bin\Microsoft.Common.CurrentVersion.targets" from project "D:\Projects\rendervid\libogg-1.3.2\win32\VS2010\libogg_static.vcxproj" (target "_BuildLinkAction" depends on it):
     1>Done building target "CreateSatelliteAssemblies" in project "libogg_static.vcxproj".
     1>Target "_Appverifier" in file "C:\Program Files (x86)\MSBuild\Microsoft.Cpp\v4.0\V140\Microsoft.CppBuild.targets" from project "D:\Projects\rendervid\libogg-1.3.2\win32\VS2010\libogg_static.vcxproj" (target "_BuildLinkAction" depends on it):
     1>Done building target "_Appverifier" in project "libogg_static.vcxproj".
     1>Target "_Deploy" in file "C:\Program Files (x86)\MSBuild\Microsoft.Cpp\v4.0\V140\Microsoft.CppBuild.targets" from project "D:\Projects\rendervid\libogg-1.3.2\win32\VS2010\libogg_static.vcxproj" (target "_BuildLinkAction" depends on it):
     1>Done building target "_Deploy" in project "libogg_static.vcxproj".
       Target "ComputeIntermediateSatelliteAssemblies" skipped, due to false condition; (@(ReferenceSatellitePaths->'%(DestinationSubDirectory)') != '') was evaluated as ( != '').
       Target "_CopyFilesMarkedCopyLocal" skipped, due to false condition; ('@(ReferenceCopyLocalPaths)' != '') was evaluated as ('' != '').
     1>Target "AssignTargetPaths" in file "C:\Program Files (x86)\MSBuild\14.0\bin\Microsoft.Common.CurrentVersion.targets" from project "D:\Projects\rendervid\libogg-1.3.2\win32\VS2010\libogg_static.vcxproj" (target "GetCopyToOutputDirectoryItems" depends on it):
       Using "AssignTargetPath" task from assembly "Microsoft.Build.Tasks.Core, Version=14.0.0.0, Culture=neutral, PublicKeyToken=b03f5f7f11d50a3a".
       Task "AssignTargetPath"
       Done executing task "AssignTargetPath".
       Task "AssignTargetPath"
       Done executing task "AssignTargetPath".
       Task "AssignTargetPath"
       Done executing task "AssignTargetPath".
       Task "AssignTargetPath"
       Done executing task "AssignTargetPath".
       Task "AssignTargetPath" skipped, due to false condition; ('@(_DeploymentBaseManifestWithTargetPath)'=='' and '%(None.Extension)'=='.manifest') was evaluated as (''=='' and '.def'=='.manifest').
     1>Done building target "AssignTargetPaths" in project "libogg_static.vcxproj".
       Target "_SplitProjectReferencesByFileExistence" skipped. Previously built successfully.
     1>Target "GetCopyToOutputDirectoryXamlAppDefs" in file "C:\WINDOWS\Microsoft.NET\Framework\v4.0.30319\Microsoft.Xaml.targets" from project "D:\Projects\rendervid\libogg-1.3.2\win32\VS2010\libogg_static.vcxproj" (target "GetCopyToOutputDirectoryItems" depends on it):
       Task "AssignTargetPath"
       Done executing task "AssignTargetPath".
     1>Done building target "GetCopyToOutputDirectoryXamlAppDefs" in project "libogg_static.vcxproj".
     1>Target "GetCopyToOutputDirectoryItems" in file "C:\Program Files (x86)\MSBuild\14.0\bin\Microsoft.Common.CurrentVersion.targets" from project "D:\Projects\rendervid\libogg-1.3.2\win32\VS2010\libogg_static.vcxproj" (target "_CopySourceItemsToOutputDirectory" depends on it):
       Task "MSBuild" skipped, due to false condition; ('@(_MSBuildProjectReferenceExistent)' != '' and '$(_GetChildProjectCopyToOutputDirectoryItems)' == 'true' and '%(_MSBuildProjectReferenceExistent.Private)' != 'false' and '$(UseCommonOutputDirectory)' != 'true') was evaluated as ('' != '' and 'true' == 'true' and '' != 'false' and 'false' != 'true').
       Task "AssignTargetPath"
       Done executing task "AssignTargetPath".
     1>Done building target "GetCopyToOutputDirectoryItems" in project "libogg_static.vcxproj".
       Target "_CopyOutOfDateSourceItemsToOutputDirectory" skipped, due to false condition; ( '@(_SourceItemsToCopyToOutputDirectory)' != '' ) was evaluated as ( '' != '' ).
       Target "_CopyOutOfDateSourceItemsToOutputDirectoryAlways" skipped, due to false condition; ( '@(_SourceItemsToCopyToOutputDirectoryAlways)' != '' ) was evaluated as ( '' != '' ).
     1>Target "_CopySourceItemsToOutputDirectory" in file "C:\Program Files (x86)\MSBuild\14.0\bin\Microsoft.Common.CurrentVersion.targets" from project "D:\Projects\rendervid\libogg-1.3.2\win32\VS2010\libogg_static.vcxproj" (target "CopyFilesToOutputDirectory" depends on it):
     1>Done building target "_CopySourceItemsToOutputDirectory" in project "libogg_static.vcxproj".
       Target "_CopyAppConfigFile" skipped, due to false condition; ( '@(AppConfigWithTargetPath)' != '' ) was evaluated as ( '' != '' ).
       Target "_CopyManifestFiles" skipped, due to false condition; ( '$(_DeploymentCopyApplicationManifest)'=='true' or '$(GenerateClickOnceManifests)'=='true' ) was evaluated as ( ''=='true' or ''=='true' ).
     1>Target "_CheckForCompileOutputs" in file "C:\Program Files (x86)\MSBuild\14.0\bin\Microsoft.Common.CurrentVersion.targets" from project "D:\Projects\rendervid\libogg-1.3.2\win32\VS2010\libogg_static.vcxproj" (target "CopyFilesToOutputDirectory" depends on it):
     1>Done building target "_CheckForCompileOutputs" in project "libogg_static.vcxproj".
       Target "_SGenCheckForOutputs" skipped, due to false condition; ('$(_SGenGenerateSerializationAssembliesConfig)' == 'On' or ('@(WebReferenceUrl)'!='' and '$(_SGenGenerateSerializationAssembliesConfig)' == 'Auto')) was evaluated as ('Off' == 'On' or (''!='' and 'Off' == 'Auto')).
     1>Target "CopyFilesToOutputDirectory" in file "C:\Program Files (x86)\MSBuild\14.0\bin\Microsoft.Common.CurrentVersion.targets" from project "D:\Projects\rendervid\libogg-1.3.2\win32\VS2010\libogg_static.vcxproj" (target "PrepareForRun" depends on it):
       Task "Copy" skipped, due to false condition; ('$(CopyBuildOutputToOutputDirectory)' == 'true' and '$(SkipCopyBuildProduct)' != 'true') was evaluated as ('true' == 'true' and 'true' != 'true').
       Task "Message" skipped, due to false condition; ('$(CopyBuildOutputToOutputDirectory)' == 'true' and '$(SkipCopyBuildProduct)'!='true') was evaluated as ('true' == 'true' and 'true'!='true').
       Task "Copy" skipped, due to false condition; ('@(AddModules)' != '') was evaluated as ('' != '').
       Task "Copy" skipped, due to false condition; ('$(_SGenDllCreated)'=='true') was evaluated as ('false'=='true').
       Using "Copy" task from assembly "Microsoft.Build.Tasks.Core, Version=14.0.0.0, Culture=neutral, PublicKeyToken=b03f5f7f11d50a3a".
       Task "Copy"
         Copying file from "x64\Debug\libogg_static.pdb" to "D:\Projects\rendervid\TheoraPlayer\x64\Debug\libogg_static.pdb".
       Done executing task "Copy".
       Task "Copy" skipped, due to false condition; ('$(_DocumentationFileProduced)'=='true') was evaluated as ('false'=='true').
       Task "Copy" skipped, due to false condition; ('@(IntermediateSatelliteAssembliesWithTargetPath)' != '') was evaluated as ('' != '').
       Task "Copy" skipped, due to false condition; ('@(ReferenceComWrappersToCopyLocal)' != '' or '@(ResolvedIsolatedComModules)' != '' or '@(_DeploymentLooseManifestFile)' != '' or '@(NativeReferenceFile)' != '' ) was evaluated as ('' != '' or '' != '' or '' != '' or '' != '' ).
       Task "Copy" skipped, due to false condition; ('$(SkipCopyWinMDArtifact)' != 'true' and '@(WinMDExpArtifacts)' != '') was evaluated as ('' != 'true' and '' != '').
       Task "Message" skipped, due to false condition; ('$(SkipCopyWinMDArtifact)' != 'true' and '$(_WindowsMetadataOutputPath)' != '') was evaluated as ('' != 'true' and '' != '').
     1>Done building target "CopyFilesToOutputDirectory" in project "libogg_static.vcxproj".
     1>Target "PrepareForRun" in file "C:\Program Files (x86)\MSBuild\14.0\bin\Microsoft.Common.CurrentVersion.targets" from project "D:\Projects\rendervid\libogg-1.3.2\win32\VS2010\libogg_static.vcxproj" (target "_BuildLinkAction" depends on it):
     1>Done building target "PrepareForRun" in project "libogg_static.vcxproj".
       Target "CustomBuildStep" skipped, due to false condition; ('@(CustomBuildStep)' != '' and '$(SelectedFiles)'=='') was evaluated as ('' != '' and ''=='').
     1>Target "PostBuildEvent" in file "C:\Program Files (x86)\MSBuild\Microsoft.Cpp\v4.0\V140\Microsoft.CppCommon.targets" from project "D:\Projects\rendervid\libogg-1.3.2\win32\VS2010\libogg_static.vcxproj" (target "_BuildLinkAction" depends on it):
       Task "Message" skipped, due to false condition; ('%(PostBuildEvent.Message)' != '' and '%(PostBuildEvent.Command)' != '') was evaluated as ('' != '' and '' != '').
       Task "Exec" skipped, due to false condition; ('%(PostBuildEvent.Command)' != '') was evaluated as ('' != '').
     1>Done building target "PostBuildEvent" in project "libogg_static.vcxproj".
     1>Target "_BuildLinkAction" in file "C:\Program Files (x86)\MSBuild\Microsoft.Cpp\v4.0\V140\Microsoft.CppBuild.targets" from project "D:\Projects\rendervid\libogg-1.3.2\win32\VS2010\libogg_static.vcxproj" (target "BuildLink" depends on it):
     1>Done building target "_BuildLinkAction" in project "libogg_static.vcxproj".
     1>Target "BuildLink" in file "C:\Program Files (x86)\MSBuild\14.0\bin\Microsoft.Common.CurrentVersion.targets" from project "D:\Projects\rendervid\libogg-1.3.2\win32\VS2010\libogg_static.vcxproj" (target "Build" depends on it):
     1>Done building target "BuildLink" in project "libogg_static.vcxproj".
       Target "CreateTfsBuildInfoResource" skipped, due to false condition; ( $(AddBuildInfoToAssembly)==true ) was evaluated as ( false==true ).
     1>Target "AfterBuild" in file "C:\Program Files (x86)\MSBuild\Microsoft.Cpp\v4.0\V140\Microsoft.BuildSteps.Targets" from project "D:\Projects\rendervid\libogg-1.3.2\win32\VS2010\libogg_static.vcxproj" (target "Build" depends on it):
     1>Done building target "AfterBuild" in project "libogg_static.vcxproj".
     1>Target "FinalizeBuildStatus" in file "C:\Program Files (x86)\MSBuild\Microsoft.Cpp\v4.0\V140\Microsoft.CppBuild.targets" from project "D:\Projects\rendervid\libogg-1.3.2\win32\VS2010\libogg_static.vcxproj" (target "Build" depends on it):
       Using "Delete" task from assembly "Microsoft.Build.Tasks.Core, Version=14.0.0.0, Culture=neutral, PublicKeyToken=b03f5f7f11d50a3a".
       Task "Delete"
         Deleting file "x64\Debug\libogg_static.tlog\unsuccessfulbuild".
       Done executing task "Delete".
       Task "Touch"
         Touching "x64\Debug\libogg_static.tlog\libogg_static.lastbuildstate".
       Done executing task "Touch".
     1>Done building target "FinalizeBuildStatus" in project "libogg_static.vcxproj".
     1>Target "Build" in file "C:\Program Files (x86)\MSBuild\Microsoft.Cpp\v4.0\V140\Microsoft.BuildSteps.Targets" from project "D:\Projects\rendervid\libogg-1.3.2\win32\VS2010\libogg_static.vcxproj" (entry point):
     1>Done building target "Build" in project "libogg_static.vcxproj".
     1>Done Building Project "D:\Projects\rendervid\libogg-1.3.2\win32\VS2010\libogg_static.vcxproj" (Build target(s)).

Build succeeded.

Time Elapsed 00:00:00.39
